Running: C:\Xilinx\14.5\ISE_DS\ISE\bin\nt64\unwrapped\fuse.exe -intstyle ise -incremental -lib secureip -o E:/phase_2/New folder/MIPS_final/MIPS/main_module_isim_beh.exe -prj E:/phase_2/New folder/MIPS_final/MIPS/main_module_beh.prj work.main_module 
ISim P.58f (signature 0x7708f090)
Number of CPUs detected in this system: 1
Turning on mult-threading, number of parallel sub-compilation jobs: 0 
Determining compilation order of HDL files
Parsing VHDL file "E:/phase_2/New folder/MIPS_final/MIPS/MUX.vhd" into library work
Parsing VHDL file "E:/phase_2/New folder/MIPS_final/MIPS/flp.vhd" into library work
Parsing VHDL file "E:/phase_2/New folder/MIPS_final/MIPS/dec_5x32.vhd" into library work
Parsing VHDL file "E:/phase_2/New folder/MIPS_final/MIPS/DataPathPackage.vhd" into library work
Parsing VHDL file "E:/phase_2/New folder/MIPS_final/MIPS/SL2.vhd" into library work
Parsing VHDL file "E:/phase_2/New folder/MIPS_final/MIPS/signext.vhd" into library work
Parsing VHDL file "E:/phase_2/New folder/MIPS_final/MIPS/regfile.vhd" into library work
WARNING:HDLCompiler:946 - "E:/phase_2/New folder/MIPS_final/MIPS/regfile.vhd" Line 30: Actual for formal port l is neither a static name nor a globally static expression
WARNING:HDLCompiler:946 - "E:/phase_2/New folder/MIPS_final/MIPS/regfile.vhd" Line 31: Actual for formal port l is neither a static name nor a globally static expression
WARNING:HDLCompiler:946 - "E:/phase_2/New folder/MIPS_final/MIPS/regfile.vhd" Line 32: Actual for formal port l is neither a static name nor a globally static expression
WARNING:HDLCompiler:946 - "E:/phase_2/New folder/MIPS_final/MIPS/regfile.vhd" Line 33: Actual for formal port l is neither a static name nor a globally static expression
WARNING:HDLCompiler:946 - "E:/phase_2/New folder/MIPS_final/MIPS/regfile.vhd" Line 34: Actual for formal port l is neither a static name nor a globally static expression
WARNING:HDLCompiler:946 - "E:/phase_2/New folder/MIPS_final/MIPS/regfile.vhd" Line 35: Actual for formal port l is neither a static name nor a globally static expression
WARNING:HDLCompiler:946 - "E:/phase_2/New folder/MIPS_final/MIPS/regfile.vhd" Line 36: Actual for formal port l is neither a static name nor a globally static expression
WARNING:HDLCompiler:946 - "E:/phase_2/New folder/MIPS_final/MIPS/regfile.vhd" Line 37: Actual for formal port l is neither a static name nor a globally static expression
WARNING:HDLCompiler:946 - "E:/phase_2/New folder/MIPS_final/MIPS/regfile.vhd" Line 38: Actual for formal port l is neither a static name nor a globally static expression
WARNING:HDLCompiler:946 - "E:/phase_2/New folder/MIPS_final/MIPS/regfile.vhd" Line 39: Actual for formal port l is neither a static name nor a globally static expression
WARNING:HDLCompiler:946 - "E:/phase_2/New folder/MIPS_final/MIPS/regfile.vhd" Line 40: Actual for formal port l is neither a static name nor a globally static expression
WARNING:HDLCompiler:946 - "E:/phase_2/New folder/MIPS_final/MIPS/regfile.vhd" Line 41: Actual for formal port l is neither a static name nor a globally static expression
WARNING:HDLCompiler:946 - "E:/phase_2/New folder/MIPS_final/MIPS/regfile.vhd" Line 42: Actual for formal port l is neither a static name nor a globally static expression
WARNING:HDLCompiler:946 - "E:/phase_2/New folder/MIPS_final/MIPS/regfile.vhd" Line 43: Actual for formal port l is neither a static name nor a globally static expression
WARNING:HDLCompiler:946 - "E:/phase_2/New folder/MIPS_final/MIPS/regfile.vhd" Line 44: Actual for formal port l is neither a static name nor a globally static expression
WARNING:HDLCompiler:946 - "E:/phase_2/New folder/MIPS_final/MIPS/regfile.vhd" Line 45: Actual for formal port l is neither a static name nor a globally static expression
WARNING:HDLCompiler:946 - "E:/phase_2/New folder/MIPS_final/MIPS/regfile.vhd" Line 46: Actual for formal port l is neither a static name nor a globally static expression
WARNING:HDLCompiler:946 - "E:/phase_2/New folder/MIPS_final/MIPS/regfile.vhd" Line 47: Actual for formal port l is neither a static name nor a globally static expression
WARNING:HDLCompiler:946 - "E:/phase_2/New folder/MIPS_final/MIPS/regfile.vhd" Line 48: Actual for formal port l is neither a static name nor a globally static expression
WARNING:HDLCompiler:946 - "E:/phase_2/New folder/MIPS_final/MIPS/regfile.vhd" Line 49: Actual for formal port l is neither a static name nor a globally static expression
WARNING:HDLCompiler:946 - "E:/phase_2/New folder/MIPS_final/MIPS/regfile.vhd" Line 50: Actual for formal port l is neither a static name nor a globally static expression
WARNING:HDLCompiler:946 - "E:/phase_2/New folder/MIPS_final/MIPS/regfile.vhd" Line 51: Actual for formal port l is neither a static name nor a globally static expression
WARNING:HDLCompiler:946 - "E:/phase_2/New folder/MIPS_final/MIPS/regfile.vhd" Line 52: Actual for formal port l is neither a static name nor a globally static expression
WARNING:HDLCompiler:946 - "E:/phase_2/New folder/MIPS_final/MIPS/regfile.vhd" Line 53: Actual for formal port l is neither a static name nor a globally static expression
WARNING:HDLCompiler:946 - "E:/phase_2/New folder/MIPS_final/MIPS/regfile.vhd" Line 54: Actual for formal port l is neither a static name nor a globally static expression
WARNING:HDLCompiler:946 - "E:/phase_2/New folder/MIPS_final/MIPS/regfile.vhd" Line 55: Actual for formal port l is neither a static name nor a globally static expression
WARNING:HDLCompiler:946 - "E:/phase_2/New folder/MIPS_final/MIPS/regfile.vhd" Line 56: Actual for formal port l is neither a static name nor a globally static expression
WARNING:HDLCompiler:946 - "E:/phase_2/New folder/MIPS_final/MIPS/regfile.vhd" Line 57: Actual for formal port l is neither a static name nor a globally static expression
WARNING:HDLCompiler:946 - "E:/phase_2/New folder/MIPS_final/MIPS/regfile.vhd" Line 58: Actual for formal port l is neither a static name nor a globally static expression
WARNING:HDLCompiler:946 - "E:/phase_2/New folder/MIPS_final/MIPS/regfile.vhd" Line 59: Actual for formal port l is neither a static name nor a globally static expression
WARNING:HDLCompiler:946 - "E:/phase_2/New folder/MIPS_final/MIPS/regfile.vhd" Line 60: Actual for formal port l is neither a static name nor a globally static expression
WARNING:HDLCompiler:946 - "E:/phase_2/New folder/MIPS_final/MIPS/regfile.vhd" Line 61: Actual for formal port l is neither a static name nor a globally static expression
Parsing VHDL file "E:/phase_2/New folder/MIPS_final/MIPS/mux2.vhd" into library work
Parsing VHDL file "E:/phase_2/New folder/MIPS_final/MIPS/maindec.vhd" into library work
Parsing VHDL file "E:/phase_2/New folder/MIPS_final/MIPS/Flopr.vhd" into library work
Parsing VHDL file "E:/phase_2/New folder/MIPS_final/MIPS/AluDec.vhd" into library work
Parsing VHDL file "E:/phase_2/New folder/MIPS_final/MIPS/alu.vhd" into library work
Parsing VHDL file "E:/phase_2/New folder/MIPS_final/MIPS/adder.vhd" into library work
Parsing VHDL file "E:/phase_2/New folder/MIPS_final/MIPS/dataPath.vhd" into library work
Parsing VHDL file "E:/phase_2/New folder/MIPS_final/MIPS/Controller.vhd" into library work
Parsing VHDL file "E:/phase_2/New folder/MIPS_final/MIPS/MIPS.vhd" into library work
Parsing VHDL file "E:/phase_2/New folder/MIPS_final/MIPS/imem.vhd" into library work
Parsing VHDL file "E:/phase_2/New folder/MIPS_final/MIPS/dmem.vhd" into library work
Parsing VHDL file "E:/phase_2/New folder/MIPS_final/MIPS/mainmodule.vhd" into library work
Parsing VHDL file "E:/phase_2/New folder/MIPS_final/MIPS/main_module.vhd" into library work
Starting static elaboration
Completed static elaboration
Compiling package standard
Compiling package std_logic_1164
Compiling package std_logic_arith
Compiling package std_logic_signed
Compiling package numeric_std
Compiling package datapathpackage
Compiling package textio
Compiling package std_logic_textio
Compiling architecture behavioral of entity maindec [maindec_default]
Compiling architecture behavioral of entity AluDec [aludec_default]
Compiling architecture behavioral of entity Controller [controller_default]
Compiling package std_logic_unsigned
Compiling architecture behavioral of entity Flopr [\Flopr(32)\]
Compiling architecture behavioral of entity adder [adder_default]
Compiling architecture behavioral of entity SL2 [sl2_default]
Compiling architecture muxarch of entity mux2 [\mux2(32)\]
Compiling architecture muxarch of entity mux2 [\mux2(5)\]
Compiling architecture behavioral of entity signext [signext_default]
Compiling architecture behavioral of entity dec_5x32 [dec_5x32_default]
Compiling architecture behavioral of entity flp [flp_default]
Compiling architecture behavioral of entity MUX [mux_default]
Compiling architecture behavioral of entity regfile [regfile_default]
Compiling architecture behavioral of entity ALU_T [alu_t_default]
Compiling architecture behavioral of entity Datapath [datapath_default]
Compiling architecture behavioral of entity MIPS [mips_default]
Compiling architecture behave of entity dmem [dmem_default]
Compiling architecture behave of entity imem [imem_default]
Compiling architecture struct of entity mainmodule [mainmodule_default]
Compiling architecture test of entity main_module
Time Resolution for simulation is 1ps.
Compiled 48 VHDL Units
Built simulation executable E:/phase_2/New folder/MIPS_final/MIPS/main_module_isim_beh.exe
Fuse Memory Usage: 38688 KB
Fuse CPU Usage: 624 ms
