Command line:
   main_module_isim_beh.exe
     -simmode  gui
     -simrunnum  0
     -socket  49896

Thu Jun 15 08:28:29 2023


 Elaboration Time: 0.0625 sec

 Current Memory Usage: 4835.93 Meg

 Total Signals          : 441
 Total Nets             : 1888
 Total Signal Drivers   : 104
 Total Blocks           : 64
 Total Primitive Blocks : 58
 Total Processes        : 98
 Total Traceable Variables  : 24
 Total Scalar Nets and Variables : 2916

** Failure:NO ERRORS: Simulation succeeded
User(VHDL) Code Called Simulation Stop
In process main_module.vhd:40 
 


 Total Simulation Time: 0.0625 sec

 Current Memory Usage: 4835.93 Meg

Thu Jun 15 08:28:49 2023

